Started GET "/" for ::1 at 2020-05-26 12:29:49 +0700
  [1m[35m (1.2ms)[0m  [1m[35mSET NAMES utf8,  @@SESSION.sql_mode = CONCAT(CONCAT(@@sql_mode, ',STRICT_ALL_TABLES'), ',NO_AUTO_VALUE_ON_ZERO'),  @@SESSION.sql_auto_is_null = 0, @@SESSION.wait_timeout = 2147483[0m
  [1m[35m (0.5ms)[0m  [1m[34mSELECT `schema_migrations`.`version` FROM `schema_migrations` ORDER BY `schema_migrations`.`version` ASC[0m
Processing by StaticPagesController#index as HTML
  Rendering static_pages/index.html.erb within layouts/application
  Rendered static_pages/index.html.erb within layouts/application (Duration: 66.4ms | Allocations: 8291)
Completed 500 Internal Server Error in 120ms (ActiveRecord: 0.0ms | Allocations: 19211)


  
ActionView::Template::Error (Error: Invalid CSS after ">>>>>>> chapter7": expected "{", was ""
        on line 17:1 of app/assets/stylesheets/application.scss
>> 
   ^
):
    4:   <title> <%= full_title yield :title %></title>
    5:   <%= csrf_meta_tags %>
    6:   <%= csp_meta_tag %>
    7:   <%= stylesheet_link_tag "application", media: "all", "data-turbolinks-track": "reload" %>
    8: </head>
    9: <body>
   10:   <%= render "shared/header" %>
  
app/assets/stylesheets/application.scss:17
app/views/layouts/application.html.erb:7
